Destination: [35.233.124.27]:8090
Interface enp0s31f6 address [192.168.0.212]:0
Using interface enp0s31f6 to connect to [35.233.124.27]:8090
Initialized HdrHistogram with size 90216
Initialized HdrHistogram with size 90216
Initialized HdrHistogram with size 90216
Initialized HdrHistogram with size 90216
Initialized HdrHistogram with size 90216
Initialized HdrHistogram with size 90216
Connection [192.168.0.212]:47083 -> [35.233.124.27]:8090 opened as 27
Connection [192.168.0.212]:38405 -> [35.233.124.27]:8090 opened as 28
Connection [192.168.0.212]:38403 -> [35.233.124.27]:8090 opened as 29
Connection [192.168.0.212]:33459 -> [35.233.124.27]:8090 opened as 30
Connection [192.168.0.212]:60425 -> [35.233.124.27]:8090 opened as 31
Connection [192.168.0.212]:44407 -> [35.233.124.27]:8090 opened as 32
Connection [192.168.0.212]:50025 -> [35.233.124.27]:8090 opened as 33
Connection [192.168.0.212]:33307 -> [35.233.124.27]:8090 opened as 34
Connection [192.168.0.212]:48387 -> [35.233.124.27]:8090 opened as 35
Connection [192.168.0.212]:34599 -> [35.233.124.27]:8090 opened as 36
Ramped up to 10 connections.
Attempting --message-rate 400 (in range 100..inf)
Attempting --message-rate 1600 (in range 400..inf)
Attempting --message-rate 1000 (in range 400..1600)
Attempting --message-rate 700 (in range 400..1000)
Attempting --message-rate 550 (in range 400..700)
Attempting --message-rate 475 (in range 400..550)
Attempting --message-rate 437.5 (in range 400..475)
Attempting --message-rate 418.75 (in range 400..437.5)
Attempting --message-rate 409.375 (in range 400..418.75)
Attempting --message-rate 404.688 (in range 400..409.375)
Attempting --message-rate 402.344 (in range 400..404.688)
Attempting --message-rate 401.172 (in range 400..402.344)
Attempting --message-rate 401.758 (in range 401.172..402.344)
Exiting worker 5
  0↓, 0↑ open connections (0 connecting)
  1 connections_counter 
  ↳ 1 connections_initiated
  ↳ 0 connections_accepted
  0 connection_failures
  ↳ 0 connection_timeouts
  5039917 worker_data_sent
  5289387 worker_data_rcvd
  38706 worker_num_writes
  3327 worker_num_reads
  Marker latency:
    0.0 latency_95_ms
    0.0 latency_99_ms
    0.0 latency_99_5_ms
    -nan latency_mean_ms
    0.0 latency_max_ms
       Value   Percentile   TotalCount 1/(1-Percentile)

#[Mean    =         -nan, StdDeviation   =         -nan]
#[Max     =        0.000, Total count    =            0]
#[Buckets =           10, SubBuckets     =         2048]
Last received bytes (1800): ...["2018-08-30T14:15:05","witness":"1.5.2","transaction_merkle_root":"0000000000000000000000000000000000000000","extensions":[],"witness_signature":"206448ef0e099fae9a85d7ddc7be495f18434b405b1538f69986bdbe3e33793da51004c8343f91e11805dd04e356e92b6c008f45fcdeee155c914ef463a1588c01","transactions":[]}}\201~\001\215{"id":7,"jsonrpc":"2.0","result":{"previous":"00000005f593a206ad76f30a36bbb7cb01f77c54","timestamp":"2018-08-30T14:15:05","witness":"1.5.2","transaction_merkle_root":"0000000000000000000000000000000000000000","extensions":[],"witness_signature":"206448ef0e099fae9a85d7ddc7be495f18434b405b1538f69986bdbe3e33793da51004c8343f91e11805dd04e356e92b6c008f45fcdeee155c914ef463a1588c01","transactions":[]}}\201~\001\215{"id":7,"jsonrpc":"2.0","result":{"previous":"00000005f593a206ad76f30a36bbb7cb01f77c54","timestamp":"2018-08-30T14:15:05","witness":"1.5.2","transaction_merkle_root":"0000000000000000000000000000000000000000","extensions":[],"witness_signature":"206448ef0e099fae9a85d7ddc7be495f18434b405b1538f69986bdbe3e33793da51004c8343f91e11805dd04e356e92b6c008f45fcdeee155c914ef463a1588c01","transactions":[]}}\201~\001\215{"id":7,"jsonrpc":"2.0","result":{"previous":"00000005f593a206ad76f30a36bbb7cb01f77c54","timestamp":"2018-08-30T14:15:05","witness":"1.5.2","transaction_merkle_root":"0000000000000000000000000000000000000000","extensions":[],"witness_signature":"206448ef0e099fae9a85d7ddc7be495f18434b405b1538f69986bdbe3e33793da51004c8343f91e11805dd04e356e92b6c008f45fcdeee155c914ef463a1588c01","transactions":[]}}]
Exiting worker 4
  0↓, 0↑ open connections (0 connecting)
  1 connections_counter 
  ↳ 1 connections_initiated
  ↳ 0 connections_accepted
  0 connection_failures
  ↳ 0 connection_timeouts
  5028367 worker_data_sent
  5468233 worker_data_rcvd
  38623 worker_num_writes
  3451 worker_num_reads
  Marker latency:
    0.0 latency_95_ms
    0.0 latency_99_ms
    0.0 latency_99_5_ms
    -nan latency_mean_ms
    0.0 latency_max_ms
       Value   Percentile   TotalCount 1/(1-Percentile)

#[Mean    =         -nan, StdDeviation   =         -nan]
#[Max     =        0.000, Total count    =            0]
#[Buckets =           10, SubBuckets     =         2048]
Last received bytes (1800): ...["2018-08-30T14:15:00","witness":"1.5.1","transaction_merkle_root":"0000000000000000000000000000000000000000","extensions":[],"witness_signature":"202b4a4fb7fc9efda8759485c2e3752b165e534815da5162183a74cb9d488b0a65668a27813e677fba4b88f253a9f91e013ae6f5c27cba7a6215873d4b9dcd32c8","transactions":[]}}\201~\001\215{"id":7,"jsonrpc":"2.0","result":{"previous":"000000049392234b00d3374b78bc0257ad158e5a","timestamp":"2018-08-30T14:15:00","witness":"1.5.1","transaction_merkle_root":"0000000000000000000000000000000000000000","extensions":[],"witness_signature":"202b4a4fb7fc9efda8759485c2e3752b165e534815da5162183a74cb9d488b0a65668a27813e677fba4b88f253a9f91e013ae6f5c27cba7a6215873d4b9dcd32c8","transactions":[]}}\201~\001\215{"id":7,"jsonrpc":"2.0","result":{"previous":"000000049392234b00d3374b78bc0257ad158e5a","timestamp":"2018-08-30T14:15:00","witness":"1.5.1","transaction_merkle_root":"0000000000000000000000000000000000000000","extensions":[],"witness_signature":"202b4a4fb7fc9efda8759485c2e3752b165e534815da5162183a74cb9d488b0a65668a27813e677fba4b88f253a9f91e013ae6f5c27cba7a6215873d4b9dcd32c8","transactions":[]}}\201~\001\215{"id":7,"jsonrpc":"2.0","result":{"previous":"000000049392234b00d3374b78bc0257ad158e5a","timestamp":"2018-08-30T14:15:00","witness":"1.5.1","transaction_merkle_root":"0000000000000000000000000000000000000000","extensions":[],"witness_signature":"202b4a4fb7fc9efda8759485c2e3752b165e534815da5162183a74cb9d488b0a65668a27813e677fba4b88f253a9f91e013ae6f5c27cba7a6215873d4b9dcd32c8","transactions":[]}}]
Exiting worker 0
  0↓, 0↑ open connections (0 connecting)
  2 connections_counter 
  ↳ 2 connections_initiated
  ↳ 0 connections_accepted
  0 connection_failures
  ↳ 0 connection_timeouts
  9944468 worker_data_sent
  11142580 worker_data_rcvd
  75750 worker_num_writes
  6924 worker_num_reads
  Marker latency:
    0.0 latency_95_ms
    0.0 latency_99_ms
    0.0 latency_99_5_ms
    -nan latency_mean_ms
    0.0 latency_max_ms
       Value   Percentile   TotalCount 1/(1-Percentile)

#[Mean    =         -nan, StdDeviation   =         -nan]
#[Max     =        0.000, Total count    =            0]
#[Buckets =           10, SubBuckets     =         2048]
Last received bytes (392): [:7,"jsonrpc":"2.0","result":{"previous":"00000006c300a0af1cdceba18c9f939d3793936c","timestamp":"2018-08-30T14:15:10","witness":"1.5.3","transaction_merkle_root":"0000000000000000000000000000000000000000","extensions":[],"witness_signature":"1f2b164fb40abde2cb99f96291f33fbc38e2388cb5d537bb9c4803f962d1ee53d375727acddc2103cc645cb8431f028fc377ee843732ce668d02651c5a8e4e96e6","transactions":[]}}]
Exiting worker 3
  0↓, 0↑ open connections (0 connecting)
  2 connections_counter 
  ↳ 2 connections_initiated
  ↳ 0 connections_accepted
  0 connection_failures
  ↳ 0 connection_timeouts
  10132264 worker_data_sent
  10676426 worker_data_rcvd
  73693 worker_num_writes
  6743 worker_num_reads
  Marker latency:
    0.0 latency_95_ms
    0.0 latency_99_ms
    0.0 latency_99_5_ms
    -nan latency_mean_ms
    0.0 latency_max_ms
       Value   Percentile   TotalCount 1/(1-Percentile)

#[Mean    =         -nan, StdDeviation   =         -nan]
#[Max     =        0.000, Total count    =            0]
#[Buckets =           10, SubBuckets     =         2048]
Last received bytes (1800): ...["2018-08-30T14:15:25","witness":"1.5.6","transaction_merkle_root":"0000000000000000000000000000000000000000","extensions":[],"witness_signature":"2032866aa8962725b9dfa4510db07282014612bd7cc4fec2844c1d322b2da1352668e7853d9efb65393cc93afd783ce53d80fe6c2bd5af9d4f13609306b3fd2b25","transactions":[]}}\201~\001\215{"id":7,"jsonrpc":"2.0","result":{"previous":"000000094c3bb4753a1ed9285cec6d0835906b8a","timestamp":"2018-08-30T14:15:25","witness":"1.5.6","transaction_merkle_root":"0000000000000000000000000000000000000000","extensions":[],"witness_signature":"2032866aa8962725b9dfa4510db07282014612bd7cc4fec2844c1d322b2da1352668e7853d9efb65393cc93afd783ce53d80fe6c2bd5af9d4f13609306b3fd2b25","transactions":[]}}\201~\001\215{"id":7,"jsonrpc":"2.0","result":{"previous":"000000094c3bb4753a1ed9285cec6d0835906b8a","timestamp":"2018-08-30T14:15:25","witness":"1.5.6","transaction_merkle_root":"0000000000000000000000000000000000000000","extensions":[],"witness_signature":"2032866aa8962725b9dfa4510db07282014612bd7cc4fec2844c1d322b2da1352668e7853d9efb65393cc93afd783ce53d80fe6c2bd5af9d4f13609306b3fd2b25","transactions":[]}}\201~\001\215{"id":7,"jsonrpc":"2.0","result":{"previous":"000000094c3bb4753a1ed9285cec6d0835906b8a","timestamp":"2018-08-30T14:15:25","witness":"1.5.6","transaction_merkle_root":"0000000000000000000000000000000000000000","extensions":[],"witness_signature":"2032866aa8962725b9dfa4510db07282014612bd7cc4fec2844c1d322b2da1352668e7853d9efb65393cc93afd783ce53d80fe6c2bd5af9d4f13609306b3fd2b25","transactions":[]}}]
Exiting worker 2
  0↓, 0↑ open connections (0 connecting)
  2 connections_counter 
  ↳ 2 connections_initiated
  ↳ 0 connections_accepted
  0 connection_failures
  ↳ 0 connection_timeouts
  10044128 worker_data_sent
  11104770 worker_data_rcvd
  74252 worker_num_writes
  6894 worker_num_reads
  Marker latency:
    0.0 latency_95_ms
    0.0 latency_99_ms
    0.0 latency_99_5_ms
    -nan latency_mean_ms
    0.0 latency_max_ms
       Value   Percentile   TotalCount 1/(1-Percentile)

#[Mean    =         -nan, StdDeviation   =         -nan]
#[Max     =        0.000, Total count    =            0]
#[Buckets =           10, SubBuckets     =         2048]
Last received bytes (1808): ...[8-08-30T14:14:50","witness":"1.5.10","transaction_merkle_root":"0000000000000000000000000000000000000000","extensions":[],"witness_signature":"2014eb86da7a4588f8fbec3c75dc9cb7b8501ce167219b331c6c10ec66765bb157533087a90d6ef2d23a150b8673ea94826d23a08dd3907ade3c69400193f8fb3b","transactions":[]}}\201~\001\216{"id":7,"jsonrpc":"2.0","result":{"previous":"00000002f1f05e830a392b7d072d7d1ac8bf143b","timestamp":"2018-08-30T14:14:50","witness":"1.5.10","transaction_merkle_root":"0000000000000000000000000000000000000000","extensions":[],"witness_signature":"2014eb86da7a4588f8fbec3c75dc9cb7b8501ce167219b331c6c10ec66765bb157533087a90d6ef2d23a150b8673ea94826d23a08dd3907ade3c69400193f8fb3b","transactions":[]}}\201~\001\216{"id":7,"jsonrpc":"2.0","result":{"previous":"00000002f1f05e830a392b7d072d7d1ac8bf143b","timestamp":"2018-08-30T14:14:50","witness":"1.5.10","transaction_merkle_root":"0000000000000000000000000000000000000000","extensions":[],"witness_signature":"2014eb86da7a4588f8fbec3c75dc9cb7b8501ce167219b331c6c10ec66765bb157533087a90d6ef2d23a150b8673ea94826d23a08dd3907ade3c69400193f8fb3b","transactions":[]}}\201~\001\216{"id":7,"jsonrpc":"2.0","result":{"previous":"00000002f1f05e830a392b7d072d7d1ac8bf143b","timestamp":"2018-08-30T14:14:50","witness":"1.5.10","transaction_merkle_root":"0000000000000000000000000000000000000000","extensions":[],"witness_signature":"2014eb86da7a4588f8fbec3c75dc9cb7b8501ce167219b331c6c10ec66765bb157533087a90d6ef2d23a150b8673ea94826d23a08dd3907ade3c69400193f8fb3b","transactions":[]}}]
Exiting worker 1
  0↓, 0↑ open connections (0 connecting)
  2 connections_counter 
  ↳ 2 connections_initiated
  ↳ 0 connections_accepted
  0 connection_failures
  ↳ 0 connection_timeouts
  10014362 worker_data_sent
  10970551 worker_data_rcvd
  76242 worker_num_writes
  6791 worker_num_reads
  Marker latency:
    0.0 latency_95_ms
    0.0 latency_99_ms
    0.0 latency_99_5_ms
    -nan latency_mean_ms
    0.0 latency_max_ms
       Value   Percentile   TotalCount 1/(1-Percentile)

#[Mean    =         -nan, StdDeviation   =         -nan]
#[Max     =        0.000, Total count    =            0]
#[Buckets =           10, SubBuckets     =         2048]
Last received bytes (1800): ...["2018-08-30T14:14:45","witness":"1.5.9","transaction_merkle_root":"0000000000000000000000000000000000000000","extensions":[],"witness_signature":"1f008250f1cd51687a1f886ee4aa905e7703f8c3b682c63151e0b25ddfa7acc6433879e7dfc93ac10f5244acd0dd5f8f481ba116efbd0c6de1cf304397f4911218","transactions":[]}}\201~\001\215{"id":7,"jsonrpc":"2.0","result":{"previous":"00000001dfe21bfa0ebdd39a4e7cfdaca15f1d95","timestamp":"2018-08-30T14:14:45","witness":"1.5.9","transaction_merkle_root":"0000000000000000000000000000000000000000","extensions":[],"witness_signature":"1f008250f1cd51687a1f886ee4aa905e7703f8c3b682c63151e0b25ddfa7acc6433879e7dfc93ac10f5244acd0dd5f8f481ba116efbd0c6de1cf304397f4911218","transactions":[]}}\201~\001\215{"id":7,"jsonrpc":"2.0","result":{"previous":"00000001dfe21bfa0ebdd39a4e7cfdaca15f1d95","timestamp":"2018-08-30T14:14:45","witness":"1.5.9","transaction_merkle_root":"0000000000000000000000000000000000000000","extensions":[],"witness_signature":"1f008250f1cd51687a1f886ee4aa905e7703f8c3b682c63151e0b25ddfa7acc6433879e7dfc93ac10f5244acd0dd5f8f481ba116efbd0c6de1cf304397f4911218","transactions":[]}}\201~\001\215{"id":7,"jsonrpc":"2.0","result":{"previous":"00000001dfe21bfa0ebdd39a4e7cfdaca15f1d95","timestamp":"2018-08-30T14:14:45","witness":"1.5.9","transaction_merkle_root":"0000000000000000000000000000000000000000","extensions":[],"witness_signature":"1f008250f1cd51687a1f886ee4aa905e7703f8c3b682c63151e0b25ddfa7acc6433879e7dfc93ac10f5244acd0dd5f8f481ba116efbd0c6de1cf304397f4911218","transactions":[]}}]
Total data sent:     47.8 MiB (50168670 bytes)
Total data received: 52.0 MiB (54475209 bytes)
Bandwidth per channel: 0.549⇅ Mbps (68.7 kBps)
Aggregate bandwidth: 2.859↓, 2.633↑ Mbps
Packet rate estimate: 446.3↓, 2472.2↑ (2↓, 1↑ TCP MSS/op)
Message latency at percentiles: 0.0/0.0/0.0 ms (95/99/99.5%)
Test duration: 152.415 s.
Best --message-rate for latency 1000ms⁹⁵ᵖ is 401.758
