Destination: [35.233.124.27]:8090
Interface enp0s31f6 address [192.168.0.212]:0
Using interface enp0s31f6 to connect to [35.233.124.27]:8090
Initialized HdrHistogram with size 90216
Initialized HdrHistogram with size 90216
Initialized HdrHistogram with size 90216
Initialized HdrHistogram with size 90216
Initialized HdrHistogram with size 90216
Initialized HdrHistogram with size 90216
Connection [192.168.0.212]:34015 -> [35.233.124.27]:8090 opened as 27
Connection [192.168.0.212]:39665 -> [35.233.124.27]:8090 opened as 28
Connection [192.168.0.212]:49311 -> [35.233.124.27]:8090 opened as 29
Connection [192.168.0.212]:48143 -> [35.233.124.27]:8090 opened as 30
Connection [192.168.0.212]:39933 -> [35.233.124.27]:8090 opened as 31
Connection [192.168.0.212]:42207 -> [35.233.124.27]:8090 opened as 32
Ramped up to 6 connections.
Attempting --message-rate 400 (in range 100..inf)
Attempting --message-rate 1600 (in range 400..inf)
Attempting --message-rate 1000 (in range 400..1600)
Attempting --message-rate 700 (in range 400..1000)
Attempting --message-rate 550 (in range 400..700)
Attempting --message-rate 475 (in range 400..550)
Attempting --message-rate 437.5 (in range 400..475)
Attempting --message-rate 418.75 (in range 400..437.5)
Attempting --message-rate 409.375 (in range 400..418.75)
Attempting --message-rate 404.688 (in range 400..409.375)
Attempting --message-rate 402.344 (in range 400..404.688)
Attempting --message-rate 401.172 (in range 400..402.344)
Attempting --message-rate 400.586 (in range 400..401.172)
Exiting worker 5
  0↓, 0↑ open connections (0 connecting)
  1 connections_counter 
  ↳ 1 connections_initiated
  ↳ 0 connections_accepted
  0 connection_failures
  ↳ 0 connection_timeouts
  5484295 worker_data_sent
  9260891 worker_data_rcvd
  60945 worker_num_writes
  5637 worker_num_reads
  Marker latency:
    0.0 latency_95_ms
    0.0 latency_99_ms
    0.0 latency_99_5_ms
    -nan latency_mean_ms
    0.0 latency_max_ms
       Value   Percentile   TotalCount 1/(1-Percentile)

#[Mean    =         -nan, StdDeviation   =         -nan]
#[Max     =        0.000, Total count    =            0]
#[Buckets =           10, SubBuckets     =         2048]
Last received bytes (1800): ...["2018-08-30T14:15:05","witness":"1.5.2","transaction_merkle_root":"0000000000000000000000000000000000000000","extensions":[],"witness_signature":"206448ef0e099fae9a85d7ddc7be495f18434b405b1538f69986bdbe3e33793da51004c8343f91e11805dd04e356e92b6c008f45fcdeee155c914ef463a1588c01","transactions":[]}}\201~\001\215{"id":7,"jsonrpc":"2.0","result":{"previous":"00000005f593a206ad76f30a36bbb7cb01f77c54","timestamp":"2018-08-30T14:15:05","witness":"1.5.2","transaction_merkle_root":"0000000000000000000000000000000000000000","extensions":[],"witness_signature":"206448ef0e099fae9a85d7ddc7be495f18434b405b1538f69986bdbe3e33793da51004c8343f91e11805dd04e356e92b6c008f45fcdeee155c914ef463a1588c01","transactions":[]}}\201~\001\215{"id":7,"jsonrpc":"2.0","result":{"previous":"00000005f593a206ad76f30a36bbb7cb01f77c54","timestamp":"2018-08-30T14:15:05","witness":"1.5.2","transaction_merkle_root":"0000000000000000000000000000000000000000","extensions":[],"witness_signature":"206448ef0e099fae9a85d7ddc7be495f18434b405b1538f69986bdbe3e33793da51004c8343f91e11805dd04e356e92b6c008f45fcdeee155c914ef463a1588c01","transactions":[]}}\201~\001\215{"id":7,"jsonrpc":"2.0","result":{"previous":"00000005f593a206ad76f30a36bbb7cb01f77c54","timestamp":"2018-08-30T14:15:05","witness":"1.5.2","transaction_merkle_root":"0000000000000000000000000000000000000000","extensions":[],"witness_signature":"206448ef0e099fae9a85d7ddc7be495f18434b405b1538f69986bdbe3e33793da51004c8343f91e11805dd04e356e92b6c008f45fcdeee155c914ef463a1588c01","transactions":[]}}]
Exiting worker 0
  0↓, 0↑ open connections (0 connecting)
  1 connections_counter 
  ↳ 1 connections_initiated
  ↳ 0 connections_accepted
  0 connection_failures
  ↳ 0 connection_timeouts
  5483239 worker_data_sent
  9892867 worker_data_rcvd
  60850 worker_num_writes
  6179 worker_num_reads
  Marker latency:
    0.0 latency_95_ms
    0.0 latency_99_ms
    0.0 latency_99_5_ms
    -nan latency_mean_ms
    0.0 latency_max_ms
       Value   Percentile   TotalCount 1/(1-Percentile)

#[Mean    =         -nan, StdDeviation   =         -nan]
#[Max     =        0.000, Total count    =            0]
#[Buckets =           10, SubBuckets     =         2048]
Last received bytes (1800): ...["2018-08-30T14:14:25","witness":"1.5.8","transaction_merkle_root":"0000000000000000000000000000000000000000","extensions":[],"witness_signature":"20657ad70268138130790bf99c45a187a25e76024b362d99a6e3cd90870abf483322a1ada37ffdd7d53b3c3a5478bed21b4dad95396f6264d50b87b386775b61f9","transactions":[]}}\201~\001\215{"id":7,"jsonrpc":"2.0","result":{"previous":"0000000000000000000000000000000000000000","timestamp":"2018-08-30T14:14:25","witness":"1.5.8","transaction_merkle_root":"0000000000000000000000000000000000000000","extensions":[],"witness_signature":"20657ad70268138130790bf99c45a187a25e76024b362d99a6e3cd90870abf483322a1ada37ffdd7d53b3c3a5478bed21b4dad95396f6264d50b87b386775b61f9","transactions":[]}}\201~\001\215{"id":7,"jsonrpc":"2.0","result":{"previous":"0000000000000000000000000000000000000000","timestamp":"2018-08-30T14:14:25","witness":"1.5.8","transaction_merkle_root":"0000000000000000000000000000000000000000","extensions":[],"witness_signature":"20657ad70268138130790bf99c45a187a25e76024b362d99a6e3cd90870abf483322a1ada37ffdd7d53b3c3a5478bed21b4dad95396f6264d50b87b386775b61f9","transactions":[]}}\201~\001\215{"id":7,"jsonrpc":"2.0","result":{"previous":"0000000000000000000000000000000000000000","timestamp":"2018-08-30T14:14:25","witness":"1.5.8","transaction_merkle_root":"0000000000000000000000000000000000000000","extensions":[],"witness_signature":"20657ad70268138130790bf99c45a187a25e76024b362d99a6e3cd90870abf483322a1ada37ffdd7d53b3c3a5478bed21b4dad95396f6264d50b87b386775b61f9","transactions":[]}}]
Exiting worker 2
  0↓, 0↑ open connections (0 connecting)
  1 connections_counter 
  ↳ 1 connections_initiated
  ↳ 0 connections_accepted
  0 connection_failures
  ↳ 0 connection_timeouts
  5487199 worker_data_sent
  9848795 worker_data_rcvd
  60022 worker_num_writes
  6028 worker_num_reads
  Marker latency:
    0.0 latency_95_ms
    0.0 latency_99_ms
    0.0 latency_99_5_ms
    -nan latency_mean_ms
    0.0 latency_max_ms
       Value   Percentile   TotalCount 1/(1-Percentile)

#[Mean    =         -nan, StdDeviation   =         -nan]
#[Max     =        0.000, Total count    =            0]
#[Buckets =           10, SubBuckets     =         2048]
Last received bytes (1808): ...[8-08-30T14:14:50","witness":"1.5.10","transaction_merkle_root":"0000000000000000000000000000000000000000","extensions":[],"witness_signature":"2014eb86da7a4588f8fbec3c75dc9cb7b8501ce167219b331c6c10ec66765bb157533087a90d6ef2d23a150b8673ea94826d23a08dd3907ade3c69400193f8fb3b","transactions":[]}}\201~\001\216{"id":7,"jsonrpc":"2.0","result":{"previous":"00000002f1f05e830a392b7d072d7d1ac8bf143b","timestamp":"2018-08-30T14:14:50","witness":"1.5.10","transaction_merkle_root":"0000000000000000000000000000000000000000","extensions":[],"witness_signature":"2014eb86da7a4588f8fbec3c75dc9cb7b8501ce167219b331c6c10ec66765bb157533087a90d6ef2d23a150b8673ea94826d23a08dd3907ade3c69400193f8fb3b","transactions":[]}}\201~\001\216{"id":7,"jsonrpc":"2.0","result":{"previous":"00000002f1f05e830a392b7d072d7d1ac8bf143b","timestamp":"2018-08-30T14:14:50","witness":"1.5.10","transaction_merkle_root":"0000000000000000000000000000000000000000","extensions":[],"witness_signature":"2014eb86da7a4588f8fbec3c75dc9cb7b8501ce167219b331c6c10ec66765bb157533087a90d6ef2d23a150b8673ea94826d23a08dd3907ade3c69400193f8fb3b","transactions":[]}}\201~\001\216{"id":7,"jsonrpc":"2.0","result":{"previous":"00000002f1f05e830a392b7d072d7d1ac8bf143b","timestamp":"2018-08-30T14:14:50","witness":"1.5.10","transaction_merkle_root":"0000000000000000000000000000000000000000","extensions":[],"witness_signature":"2014eb86da7a4588f8fbec3c75dc9cb7b8501ce167219b331c6c10ec66765bb157533087a90d6ef2d23a150b8673ea94826d23a08dd3907ade3c69400193f8fb3b","transactions":[]}}]
Exiting worker 1
  0↓, 0↑ open connections (0 connecting)
  1 connections_counter 
  ↳ 1 connections_initiated
  ↳ 0 connections_accepted
  0 connection_failures
  ↳ 0 connection_timeouts
  5465023 worker_data_sent
  9559235 worker_data_rcvd
  59945 worker_num_writes
  5964 worker_num_reads
  Marker latency:
    0.0 latency_95_ms
    0.0 latency_99_ms
    0.0 latency_99_5_ms
    -nan latency_mean_ms
    0.0 latency_max_ms
       Value   Percentile   TotalCount 1/(1-Percentile)

#[Mean    =         -nan, StdDeviation   =         -nan]
#[Max     =        0.000, Total count    =            0]
#[Buckets =           10, SubBuckets     =         2048]
Last received bytes (1800): ...["2018-08-30T14:14:45","witness":"1.5.9","transaction_merkle_root":"0000000000000000000000000000000000000000","extensions":[],"witness_signature":"1f008250f1cd51687a1f886ee4aa905e7703f8c3b682c63151e0b25ddfa7acc6433879e7dfc93ac10f5244acd0dd5f8f481ba116efbd0c6de1cf304397f4911218","transactions":[]}}\201~\001\215{"id":7,"jsonrpc":"2.0","result":{"previous":"00000001dfe21bfa0ebdd39a4e7cfdaca15f1d95","timestamp":"2018-08-30T14:14:45","witness":"1.5.9","transaction_merkle_root":"0000000000000000000000000000000000000000","extensions":[],"witness_signature":"1f008250f1cd51687a1f886ee4aa905e7703f8c3b682c63151e0b25ddfa7acc6433879e7dfc93ac10f5244acd0dd5f8f481ba116efbd0c6de1cf304397f4911218","transactions":[]}}\201~\001\215{"id":7,"jsonrpc":"2.0","result":{"previous":"00000001dfe21bfa0ebdd39a4e7cfdaca15f1d95","timestamp":"2018-08-30T14:14:45","witness":"1.5.9","transaction_merkle_root":"0000000000000000000000000000000000000000","extensions":[],"witness_signature":"1f008250f1cd51687a1f886ee4aa905e7703f8c3b682c63151e0b25ddfa7acc6433879e7dfc93ac10f5244acd0dd5f8f481ba116efbd0c6de1cf304397f4911218","transactions":[]}}\201~\001\215{"id":7,"jsonrpc":"2.0","result":{"previous":"00000001dfe21bfa0ebdd39a4e7cfdaca15f1d95","timestamp":"2018-08-30T14:14:45","witness":"1.5.9","transaction_merkle_root":"0000000000000000000000000000000000000000","extensions":[],"witness_signature":"1f008250f1cd51687a1f886ee4aa905e7703f8c3b682c63151e0b25ddfa7acc6433879e7dfc93ac10f5244acd0dd5f8f481ba116efbd0c6de1cf304397f4911218","transactions":[]}}]
Exiting worker 3
  0↓, 0↑ open connections (0 connecting)
  1 connections_counter 
  ↳ 1 connections_initiated
  ↳ 0 connections_accepted
  0 connection_failures
  ↳ 0 connection_timeouts
  5480863 worker_data_sent
  10805555 worker_data_rcvd
  59596 worker_num_writes
  6584 worker_num_reads
  Marker latency:
    0.0 latency_95_ms
    0.0 latency_99_ms
    0.0 latency_99_5_ms
    -nan latency_mean_ms
    0.0 latency_max_ms
       Value   Percentile   TotalCount 1/(1-Percentile)

#[Mean    =         -nan, StdDeviation   =         -nan]
#[Max     =        0.000, Total count    =            0]
#[Buckets =           10, SubBuckets     =         2048]
Last received bytes (1808): ...[8-08-30T14:14:55","witness":"1.5.11","transaction_merkle_root":"0000000000000000000000000000000000000000","extensions":[],"witness_signature":"1f54abb6661fa3a031347b617778523dd06b1c743cf8b56ff65332a53785a940635c1ad6279ef124d138148b1732af23780f51cf70d4d8c0abb35a45f199237a7c","transactions":[]}}\201~\001\216{"id":7,"jsonrpc":"2.0","result":{"previous":"00000003580e2b0034c50908a0f28dc9a39700e0","timestamp":"2018-08-30T14:14:55","witness":"1.5.11","transaction_merkle_root":"0000000000000000000000000000000000000000","extensions":[],"witness_signature":"1f54abb6661fa3a031347b617778523dd06b1c743cf8b56ff65332a53785a940635c1ad6279ef124d138148b1732af23780f51cf70d4d8c0abb35a45f199237a7c","transactions":[]}}\201~\001\216{"id":7,"jsonrpc":"2.0","result":{"previous":"00000003580e2b0034c50908a0f28dc9a39700e0","timestamp":"2018-08-30T14:14:55","witness":"1.5.11","transaction_merkle_root":"0000000000000000000000000000000000000000","extensions":[],"witness_signature":"1f54abb6661fa3a031347b617778523dd06b1c743cf8b56ff65332a53785a940635c1ad6279ef124d138148b1732af23780f51cf70d4d8c0abb35a45f199237a7c","transactions":[]}}\201~\001\216{"id":7,"jsonrpc":"2.0","result":{"previous":"00000003580e2b0034c50908a0f28dc9a39700e0","timestamp":"2018-08-30T14:14:55","witness":"1.5.11","transaction_merkle_root":"0000000000000000000000000000000000000000","extensions":[],"witness_signature":"1f54abb6661fa3a031347b617778523dd06b1c743cf8b56ff65332a53785a940635c1ad6279ef124d138148b1732af23780f51cf70d4d8c0abb35a45f199237a7c","transactions":[]}}]
Exiting worker 4
  0↓, 0↑ open connections (0 connecting)
  1 connections_counter 
  ↳ 1 connections_initiated
  ↳ 0 connections_accepted
  0 connection_failures
  ↳ 0 connection_timeouts
  5486341 worker_data_sent
  9936977 worker_data_rcvd
  61102 worker_num_writes
  6055 worker_num_reads
  Marker latency:
    0.0 latency_95_ms
    0.0 latency_99_ms
    0.0 latency_99_5_ms
    -nan latency_mean_ms
    0.0 latency_max_ms
       Value   Percentile   TotalCount 1/(1-Percentile)

#[Mean    =         -nan, StdDeviation   =         -nan]
#[Max     =        0.000, Total count    =            0]
#[Buckets =           10, SubBuckets     =         2048]
Last received bytes (3208): ...["2018-08-30T14:15:00","witness":"1.5.1","transaction_merkle_root":"0000000000000000000000000000000000000000","extensions":[],"witness_signature":"202b4a4fb7fc9efda8759485c2e3752b165e534815da5162183a74cb9d488b0a65668a27813e677fba4b88f253a9f91e013ae6f5c27cba7a6215873d4b9dcd32c8","transactions":[]}}\201~\001\215{"id":7,"jsonrpc":"2.0","result":{"previous":"000000049392234b00d3374b78bc0257ad158e5a","timestamp":"2018-08-30T14:15:00","witness":"1.5.1","transaction_merkle_root":"0000000000000000000000000000000000000000","extensions":[],"witness_signature":"202b4a4fb7fc9efda8759485c2e3752b165e534815da5162183a74cb9d488b0a65668a27813e677fba4b88f253a9f91e013ae6f5c27cba7a6215873d4b9dcd32c8","transactions":[]}}\201~\001\215{"id":7,"jsonrpc":"2.0","result":{"previous":"000000049392234b00d3374b78bc0257ad158e5a","timestamp":"2018-08-30T14:15:00","witness":"1.5.1","transaction_merkle_root":"0000000000000000000000000000000000000000","extensions":[],"witness_signature":"202b4a4fb7fc9efda8759485c2e3752b165e534815da5162183a74cb9d488b0a65668a27813e677fba4b88f253a9f91e013ae6f5c27cba7a6215873d4b9dcd32c8","transactions":[]}}\201~\001\215{"id":7,"jsonrpc":"2.0","result":{"previous":"000000049392234b00d3374b78bc0257ad158e5a","timestamp":"2018-08-30T14:15:00","witness":"1.5.1","transaction_merkle_root":"0000000000000000000000000000000000000000","extensions":[],"witness_signature":"202b4a4fb7fc9efda8759485c2e3752b165e534815da5162183a74cb9d488b0a65668a27813e677fba4b88f253a9f91e013ae6f5c27cba7a6215873d4b9dcd32c8","transactions":[]}}]
Total data sent:     31.4 MiB (32874796 bytes)
Total data received: 56.5 MiB (59250361 bytes)
Bandwidth per channel: 0.806⇅ Mbps (100.8 kBps)
Aggregate bandwidth: 3.111↓, 1.726↑ Mbps
Packet rate estimate: 477.9↓, 2378.1↑ (2↓, 1↑ TCP MSS/op)
Message latency at percentiles: 0.0/0.0/0.0 ms (95/99/99.5%)
Test duration: 152.355 s.
Best --message-rate for latency 1000ms⁹⁵ᵖ is 400.586
