Destination: [35.233.124.27]:8090
Interface enp0s31f6 address [192.168.0.212]:0
Using interface enp0s31f6 to connect to [35.233.124.27]:8090
Initialized HdrHistogram with size 90216
Initialized HdrHistogram with size 90216
Initialized HdrHistogram with size 90216
Initialized HdrHistogram with size 90216
Initialized HdrHistogram with size 90216
Initialized HdrHistogram with size 90216
Connection [192.168.0.212]:60423 -> [35.233.124.27]:8090 opened as 27
Connection [192.168.0.212]:38531 -> [35.233.124.27]:8090 opened as 28
Connection [192.168.0.212]:43329 -> [35.233.124.27]:8090 opened as 29
Connection [192.168.0.212]:33959 -> [35.233.124.27]:8090 opened as 30
Connection [192.168.0.212]:49373 -> [35.233.124.27]:8090 opened as 31
Connection [192.168.0.212]:56199 -> [35.233.124.27]:8090 opened as 32
Connection [192.168.0.212]:55051 -> [35.233.124.27]:8090 opened as 33
Connection [192.168.0.212]:59891 -> [35.233.124.27]:8090 opened as 34
Connection [192.168.0.212]:50771 -> [35.233.124.27]:8090 opened as 35
Connection [192.168.0.212]:38935 -> [35.233.124.27]:8090 opened as 36
Connection [192.168.0.212]:42395 -> [35.233.124.27]:8090 opened as 37
Connection [192.168.0.212]:46529 -> [35.233.124.27]:8090 opened as 38
Ramped up to 12 connections.
Attempting --message-rate 400 (in range 100..inf)
Attempting --message-rate 1600 (in range 400..inf)
Attempting --message-rate 1000 (in range 400..1600)
Attempting --message-rate 700 (in range 400..1000)
Attempting --message-rate 550 (in range 400..700)
Attempting --message-rate 475 (in range 400..550)
Attempting --message-rate 437.5 (in range 400..475)
Attempting --message-rate 418.75 (in range 400..437.5)
Attempting --message-rate 409.375 (in range 400..418.75)
Attempting --message-rate 404.688 (in range 400..409.375)
Attempting --message-rate 402.344 (in range 400..404.688)
Attempting --message-rate 401.172 (in range 400..402.344)
Attempting --message-rate 400.586 (in range 400..401.172)
Exiting worker 1
  0↓, 0↑ open connections (0 connecting)
  2 connections_counter 
  ↳ 2 connections_initiated
  ↳ 0 connections_accepted
  0 connection_failures
  ↳ 0 connection_timeouts
  9139070 worker_data_sent
  5731486 worker_data_rcvd
  56693 worker_num_writes
  3723 worker_num_reads
  Marker latency:
    0.0 latency_95_ms
    0.0 latency_99_ms
    0.0 latency_99_5_ms
    -nan latency_mean_ms
    0.0 latency_max_ms
       Value   Percentile   TotalCount 1/(1-Percentile)

#[Mean    =         -nan, StdDeviation   =         -nan]
#[Max     =        0.000, Total count    =            0]
#[Buckets =           10, SubBuckets     =         2048]
Last received bytes (1800): ...["2018-08-30T14:14:45","witness":"1.5.9","transaction_merkle_root":"0000000000000000000000000000000000000000","extensions":[],"witness_signature":"1f008250f1cd51687a1f886ee4aa905e7703f8c3b682c63151e0b25ddfa7acc6433879e7dfc93ac10f5244acd0dd5f8f481ba116efbd0c6de1cf304397f4911218","transactions":[]}}\201~\001\215{"id":7,"jsonrpc":"2.0","result":{"previous":"00000001dfe21bfa0ebdd39a4e7cfdaca15f1d95","timestamp":"2018-08-30T14:14:45","witness":"1.5.9","transaction_merkle_root":"0000000000000000000000000000000000000000","extensions":[],"witness_signature":"1f008250f1cd51687a1f886ee4aa905e7703f8c3b682c63151e0b25ddfa7acc6433879e7dfc93ac10f5244acd0dd5f8f481ba116efbd0c6de1cf304397f4911218","transactions":[]}}\201~\001\215{"id":7,"jsonrpc":"2.0","result":{"previous":"00000001dfe21bfa0ebdd39a4e7cfdaca15f1d95","timestamp":"2018-08-30T14:14:45","witness":"1.5.9","transaction_merkle_root":"0000000000000000000000000000000000000000","extensions":[],"witness_signature":"1f008250f1cd51687a1f886ee4aa905e7703f8c3b682c63151e0b25ddfa7acc6433879e7dfc93ac10f5244acd0dd5f8f481ba116efbd0c6de1cf304397f4911218","transactions":[]}}\201~\001\215{"id":7,"jsonrpc":"2.0","result":{"previous":"00000001dfe21bfa0ebdd39a4e7cfdaca15f1d95","timestamp":"2018-08-30T14:14:45","witness":"1.5.9","transaction_merkle_root":"0000000000000000000000000000000000000000","extensions":[],"witness_signature":"1f008250f1cd51687a1f886ee4aa905e7703f8c3b682c63151e0b25ddfa7acc6433879e7dfc93ac10f5244acd0dd5f8f481ba116efbd0c6de1cf304397f4911218","transactions":[]}}]
Exiting worker 0
  0↓, 0↑ open connections (0 connecting)
  2 connections_counter 
  ↳ 2 connections_initiated
  ↳ 0 connections_accepted
  0 connection_failures
  ↳ 0 connection_timeouts
  9093398 worker_data_sent
  5674143 worker_data_rcvd
  45707 worker_num_writes
  3720 worker_num_reads
  Marker latency:
    0.0 latency_95_ms
    0.0 latency_99_ms
    0.0 latency_99_5_ms
    -nan latency_mean_ms
    0.0 latency_max_ms
       Value   Percentile   TotalCount 1/(1-Percentile)

#[Mean    =         -nan, StdDeviation   =         -nan]
#[Max     =        0.000, Total count    =            0]
#[Buckets =           10, SubBuckets     =         2048]
Last received bytes (1800): ...["2018-08-30T14:15:10","witness":"1.5.3","transaction_merkle_root":"0000000000000000000000000000000000000000","extensions":[],"witness_signature":"1f2b164fb40abde2cb99f96291f33fbc38e2388cb5d537bb9c4803f962d1ee53d375727acddc2103cc645cb8431f028fc377ee843732ce668d02651c5a8e4e96e6","transactions":[]}}\201~\001\215{"id":7,"jsonrpc":"2.0","result":{"previous":"00000006c300a0af1cdceba18c9f939d3793936c","timestamp":"2018-08-30T14:15:10","witness":"1.5.3","transaction_merkle_root":"0000000000000000000000000000000000000000","extensions":[],"witness_signature":"1f2b164fb40abde2cb99f96291f33fbc38e2388cb5d537bb9c4803f962d1ee53d375727acddc2103cc645cb8431f028fc377ee843732ce668d02651c5a8e4e96e6","transactions":[]}}\201~\001\215{"id":7,"jsonrpc":"2.0","result":{"previous":"00000006c300a0af1cdceba18c9f939d3793936c","timestamp":"2018-08-30T14:15:10","witness":"1.5.3","transaction_merkle_root":"0000000000000000000000000000000000000000","extensions":[],"witness_signature":"1f2b164fb40abde2cb99f96291f33fbc38e2388cb5d537bb9c4803f962d1ee53d375727acddc2103cc645cb8431f028fc377ee843732ce668d02651c5a8e4e96e6","transactions":[]}}\201~\001\215{"id":7,"jsonrpc":"2.0","result":{"previous":"00000006c300a0af1cdceba18c9f939d3793936c","timestamp":"2018-08-30T14:15:10","witness":"1.5.3","transaction_merkle_root":"0000000000000000000000000000000000000000","extensions":[],"witness_signature":"1f2b164fb40abde2cb99f96291f33fbc38e2388cb5d537bb9c4803f962d1ee53d375727acddc2103cc645cb8431f028fc377ee843732ce668d02651c5a8e4e96e6","transactions":[]}}]
Exiting worker 2
  0↓, 0↑ open connections (0 connecting)
  2 connections_counter 
  ↳ 2 connections_initiated
  ↳ 0 connections_accepted
  0 connection_failures
  ↳ 0 connection_timeouts
  8875796 worker_data_sent
  5652206 worker_data_rcvd
  51932 worker_num_writes
  3764 worker_num_reads
  Marker latency:
    0.0 latency_95_ms
    0.0 latency_99_ms
    0.0 latency_99_5_ms
    -nan latency_mean_ms
    0.0 latency_max_ms
       Value   Percentile   TotalCount 1/(1-Percentile)

#[Mean    =         -nan, StdDeviation   =         -nan]
#[Max     =        0.000, Total count    =            0]
#[Buckets =           10, SubBuckets     =         2048]
Last received bytes (1808): ...[8-08-30T14:14:50","witness":"1.5.10","transaction_merkle_root":"0000000000000000000000000000000000000000","extensions":[],"witness_signature":"2014eb86da7a4588f8fbec3c75dc9cb7b8501ce167219b331c6c10ec66765bb157533087a90d6ef2d23a150b8673ea94826d23a08dd3907ade3c69400193f8fb3b","transactions":[]}}\201~\001\216{"id":7,"jsonrpc":"2.0","result":{"previous":"00000002f1f05e830a392b7d072d7d1ac8bf143b","timestamp":"2018-08-30T14:14:50","witness":"1.5.10","transaction_merkle_root":"0000000000000000000000000000000000000000","extensions":[],"witness_signature":"2014eb86da7a4588f8fbec3c75dc9cb7b8501ce167219b331c6c10ec66765bb157533087a90d6ef2d23a150b8673ea94826d23a08dd3907ade3c69400193f8fb3b","transactions":[]}}\201~\001\216{"id":7,"jsonrpc":"2.0","result":{"previous":"00000002f1f05e830a392b7d072d7d1ac8bf143b","timestamp":"2018-08-30T14:14:50","witness":"1.5.10","transaction_merkle_root":"0000000000000000000000000000000000000000","extensions":[],"witness_signature":"2014eb86da7a4588f8fbec3c75dc9cb7b8501ce167219b331c6c10ec66765bb157533087a90d6ef2d23a150b8673ea94826d23a08dd3907ade3c69400193f8fb3b","transactions":[]}}\201~\001\216{"id":7,"jsonrpc":"2.0","result":{"previous":"00000002f1f05e830a392b7d072d7d1ac8bf143b","timestamp":"2018-08-30T14:14:50","witness":"1.5.10","transaction_merkle_root":"0000000000000000000000000000000000000000","extensions":[],"witness_signature":"2014eb86da7a4588f8fbec3c75dc9cb7b8501ce167219b331c6c10ec66765bb157533087a90d6ef2d23a150b8673ea94826d23a08dd3907ade3c69400193f8fb3b","transactions":[]}}]
Exiting worker 3
  0↓, 0↑ open connections (0 connecting)
  2 connections_counter 
  ↳ 2 connections_initiated
  ↳ 0 connections_accepted
  0 connection_failures
  ↳ 0 connection_timeouts
  9249023 worker_data_sent
  5713740 worker_data_rcvd
  47444 worker_num_writes
  3802 worker_num_reads
  Marker latency:
    0.0 latency_95_ms
    0.0 latency_99_ms
    0.0 latency_99_5_ms
    -nan latency_mean_ms
    0.0 latency_max_ms
       Value   Percentile   TotalCount 1/(1-Percentile)

#[Mean    =         -nan, StdDeviation   =         -nan]
#[Max     =        0.000, Total count    =            0]
#[Buckets =           10, SubBuckets     =         2048]
Last received bytes (1800): ...["2018-08-30T14:15:25","witness":"1.5.6","transaction_merkle_root":"0000000000000000000000000000000000000000","extensions":[],"witness_signature":"2032866aa8962725b9dfa4510db07282014612bd7cc4fec2844c1d322b2da1352668e7853d9efb65393cc93afd783ce53d80fe6c2bd5af9d4f13609306b3fd2b25","transactions":[]}}\201~\001\215{"id":7,"jsonrpc":"2.0","result":{"previous":"000000094c3bb4753a1ed9285cec6d0835906b8a","timestamp":"2018-08-30T14:15:25","witness":"1.5.6","transaction_merkle_root":"0000000000000000000000000000000000000000","extensions":[],"witness_signature":"2032866aa8962725b9dfa4510db07282014612bd7cc4fec2844c1d322b2da1352668e7853d9efb65393cc93afd783ce53d80fe6c2bd5af9d4f13609306b3fd2b25","transactions":[]}}\201~\001\215{"id":7,"jsonrpc":"2.0","result":{"previous":"000000094c3bb4753a1ed9285cec6d0835906b8a","timestamp":"2018-08-30T14:15:25","witness":"1.5.6","transaction_merkle_root":"0000000000000000000000000000000000000000","extensions":[],"witness_signature":"2032866aa8962725b9dfa4510db07282014612bd7cc4fec2844c1d322b2da1352668e7853d9efb65393cc93afd783ce53d80fe6c2bd5af9d4f13609306b3fd2b25","transactions":[]}}\201~\001\215{"id":7,"jsonrpc":"2.0","result":{"previous":"000000094c3bb4753a1ed9285cec6d0835906b8a","timestamp":"2018-08-30T14:15:25","witness":"1.5.6","transaction_merkle_root":"0000000000000000000000000000000000000000","extensions":[],"witness_signature":"2032866aa8962725b9dfa4510db07282014612bd7cc4fec2844c1d322b2da1352668e7853d9efb65393cc93afd783ce53d80fe6c2bd5af9d4f13609306b3fd2b25","transactions":[]}}]
Exiting worker 5
  0↓, 0↑ open connections (0 connecting)
  2 connections_counter 
  ↳ 2 connections_initiated
  ↳ 0 connections_accepted
  0 connection_failures
  ↳ 0 connection_timeouts
  9148162 worker_data_sent
  5675747 worker_data_rcvd
  43819 worker_num_writes
  3773 worker_num_reads
  Marker latency:
    0.0 latency_95_ms
    0.0 latency_99_ms
    0.0 latency_99_5_ms
    -nan latency_mean_ms
    0.0 latency_max_ms
       Value   Percentile   TotalCount 1/(1-Percentile)

#[Mean    =         -nan, StdDeviation   =         -nan]
#[Max     =        0.000, Total count    =            0]
#[Buckets =           10, SubBuckets     =         2048]
Last received bytes (1800): ...["2018-08-30T14:15:05","witness":"1.5.2","transaction_merkle_root":"0000000000000000000000000000000000000000","extensions":[],"witness_signature":"206448ef0e099fae9a85d7ddc7be495f18434b405b1538f69986bdbe3e33793da51004c8343f91e11805dd04e356e92b6c008f45fcdeee155c914ef463a1588c01","transactions":[]}}\201~\001\215{"id":7,"jsonrpc":"2.0","result":{"previous":"00000005f593a206ad76f30a36bbb7cb01f77c54","timestamp":"2018-08-30T14:15:05","witness":"1.5.2","transaction_merkle_root":"0000000000000000000000000000000000000000","extensions":[],"witness_signature":"206448ef0e099fae9a85d7ddc7be495f18434b405b1538f69986bdbe3e33793da51004c8343f91e11805dd04e356e92b6c008f45fcdeee155c914ef463a1588c01","transactions":[]}}\201~\001\215{"id":7,"jsonrpc":"2.0","result":{"previous":"00000005f593a206ad76f30a36bbb7cb01f77c54","timestamp":"2018-08-30T14:15:05","witness":"1.5.2","transaction_merkle_root":"0000000000000000000000000000000000000000","extensions":[],"witness_signature":"206448ef0e099fae9a85d7ddc7be495f18434b405b1538f69986bdbe3e33793da51004c8343f91e11805dd04e356e92b6c008f45fcdeee155c914ef463a1588c01","transactions":[]}}\201~\001\215{"id":7,"jsonrpc":"2.0","result":{"previous":"00000005f593a206ad76f30a36bbb7cb01f77c54","timestamp":"2018-08-30T14:15:05","witness":"1.5.2","transaction_merkle_root":"0000000000000000000000000000000000000000","extensions":[],"witness_signature":"206448ef0e099fae9a85d7ddc7be495f18434b405b1538f69986bdbe3e33793da51004c8343f91e11805dd04e356e92b6c008f45fcdeee155c914ef463a1588c01","transactions":[]}}]
Exiting worker 4
  0↓, 0↑ open connections (0 connecting)
  2 connections_counter 
  ↳ 2 connections_initiated
  ↳ 0 connections_accepted
  0 connection_failures
  ↳ 0 connection_timeouts
  9234506 worker_data_sent
  5690985 worker_data_rcvd
  42450 worker_num_writes
  3644 worker_num_reads
  Marker latency:
    0.0 latency_95_ms
    0.0 latency_99_ms
    0.0 latency_99_5_ms
    -nan latency_mean_ms
    0.0 latency_max_ms
       Value   Percentile   TotalCount 1/(1-Percentile)

#[Mean    =         -nan, StdDeviation   =         -nan]
#[Max     =        0.000, Total count    =            0]
#[Buckets =           10, SubBuckets     =         2048]
Last received bytes (1800): ...["2018-08-30T14:15:30","witness":"1.5.7","transaction_merkle_root":"0000000000000000000000000000000000000000","extensions":[],"witness_signature":"200dbcc4c445c45d6cf278b361b9311cf08fac3c4cdbca36623b7afa601e9daaef342d50524a1a74a3146aeadaff5bf8ed76095b0627f717a6c9b9063cc459adaa","transactions":[]}}\201~\001\215{"id":7,"jsonrpc":"2.0","result":{"previous":"0000000ab10d225931c84954b5b26b35d7f45087","timestamp":"2018-08-30T14:15:30","witness":"1.5.7","transaction_merkle_root":"0000000000000000000000000000000000000000","extensions":[],"witness_signature":"200dbcc4c445c45d6cf278b361b9311cf08fac3c4cdbca36623b7afa601e9daaef342d50524a1a74a3146aeadaff5bf8ed76095b0627f717a6c9b9063cc459adaa","transactions":[]}}\201~\001\215{"id":7,"jsonrpc":"2.0","result":{"previous":"0000000ab10d225931c84954b5b26b35d7f45087","timestamp":"2018-08-30T14:15:30","witness":"1.5.7","transaction_merkle_root":"0000000000000000000000000000000000000000","extensions":[],"witness_signature":"200dbcc4c445c45d6cf278b361b9311cf08fac3c4cdbca36623b7afa601e9daaef342d50524a1a74a3146aeadaff5bf8ed76095b0627f717a6c9b9063cc459adaa","transactions":[]}}\201~\001\215{"id":7,"jsonrpc":"2.0","result":{"previous":"0000000ab10d225931c84954b5b26b35d7f45087","timestamp":"2018-08-30T14:15:30","witness":"1.5.7","transaction_merkle_root":"0000000000000000000000000000000000000000","extensions":[],"witness_signature":"200dbcc4c445c45d6cf278b361b9311cf08fac3c4cdbca36623b7afa601e9daaef342d50524a1a74a3146aeadaff5bf8ed76095b0627f717a6c9b9063cc459adaa","transactions":[]}}]
Total data sent:     52.2 MiB (54737105 bytes)
Total data received: 32.6 MiB (34137827 bytes)
Bandwidth per channel: 0.414⇅ Mbps (51.8 kBps)
Aggregate bandwidth: 1.910↓, 3.062↑ Mbps
Packet rate estimate: 313.6↓, 2013.9↑ (2↓, 1↑ TCP MSS/op)
Message latency at percentiles: 0.0/0.0/0.0 ms (95/99/99.5%)
Test duration: 143.019 s.
Best --message-rate for latency 500ms⁹⁵ᵖ is 400.586
